<?xml version="1.0" encoding="UTF-8"?>
<!-- Generated by org.testng.reporters.JUnitReportReporter -->
<testsuite skipped="0" hostname="LAPTOP-0V7D4U7A" name="com.qa.fdcalculator.testcase.SIcalculation" tests="1" failures="0" timestamp="13 Jan 2021 03:40:38 GMT" time="10.493" errors="0">
  <testcase name="calculationSI" time="10.493" classname="com.qa.fdcalculator.testcase.SIcalculation"/>
</testsuite> <!-- com.qa.fdcalculator.testcase.SIcalculation -->
